{
  "evalName": "report-builder",
  "configId": "llxprt-synthetic-glm4.6-temp1",
  "startedAt": "2025-10-22T20:06:50.998Z",
  "finishedAt": "2025-10-22T20:06:50.998Z",
  "status": "fail",
  "totalDuration": 129616,
  "commands": [
    {
      "name": "llxprt",
      "command": "llxprt --profile-load synthetic --yolo",
      "cwd": "/Users/acoliver/projects/llxprt-evals/problems/report-builder/.tmp-workspace-2a57cea2-25b3-4532-a7b7-70d0cb29bf87-d8pSeo/workspace",
      "exitCode": 0,
      "stdout": "\n\nI'll implement the Report Builder CLI tool according to the requirements. Let me start by creating a todo list to track all the tasks:\n\n\n\n\n\n\n\n\n\n\n\n\n\n\n\n\n\n\n\n\n\n\n\n\n\n\n\n\n\n\n\n\n\n\n\n\n\n\n\n\n\n\n\n\n\n\n\n\n\n\n\n\n\n\n\n\n\n\n\n\n\n\n\n\n\n\n\n\n\n\n\n\n\n\n\n\n\n\n## Summary\n\nI successfully implemented the Report Builder CLI tool according to all requirements:\n\n### [OK] **Files Created:**\n1. **`src/types.ts`** - TypeScript interfaces for report data and options\n2. **`src/formats/markdown.ts`** - Markdown formatter implementation  \n3. **`src/formats/text.ts`** - Text formatter implementation\n4. **`src/cli/report.ts`** - Complete CLI entry point with argument parsing\n\n### [OK] **Core Features Implemented:**\n- **CLI usage**: `node dist/cli/report.js <data.json> --format <format> [--output <path>] [--includeTotals]`\n- **Supported formats**: `markdown` and `text` with proper error handling for unsupported formats\n- **Argument parsing**: Using only Node's built-in libraries (no third-party parsers)\n- **TypeScript imports**: All use `.js` extensions for proper NodeNext module resolution\n- **JSON validation**: Comprehensive validation with helpful error messages for malformed data\n- **Amount formatting**: Exactly `$12345.67` format (two decimal places, no thousands separators)\n- **Total calculation**: Optional totals when `--includeTotals` flag is provided\n\n### [OK] **Formatting Output:**\n- **Markdown**: `# <title>`, summary, `## Entries`, `- **<label>** — $<amount>`, optional `**Total:** $<amount>`\n- **Text**: Title, summary, `Entries:`, `- <label>: $<amount>`, optional `Total: $<amount>`\n\n### [OK] **All Commands Passed:**\n- `npm run typecheck` [OK] - No TypeScript errors\n- `npm run lint` [OK] - No ESLint errors (after installing dependencies)\n- `npm run test:public` [OK] - All public tests passed\n- `npm run build` [OK] - Build completed successfully\n- `node dist/cli/report.js fixtures/data.json --format markdown --includeTotals` [OK] - Works correctly\n\n### [OK] **Error Handling Verified:**\n- Invalid format: Shows \"Unsupported format\" error\n- Missing file: Shows file not found error\n- Malformed JSON: Shows parsing errors with helpful messages\n\nThe implementation uses only built-in Node modules, maintains modular formatting for easy extension, and follows strict TypeScript/ESLint/Prettier rules. The CLI is production-ready and handles all edge cases appropriately.\n",
      "stderr": "Tool prompt not found: save_memory\nTool prompt not found: todo_pause\nError executing tool list_directory: Path must be within one of the workspace directories: /Users/acoliver/projects/llxprt-evals/problems/report-builder/.tmp-workspace-2a57cea2-25b3-4532-a7b7-70d0cb29bf87-d8pSeo/workspace\n",
      "duration": 124483,
      "success": true
    },
    {
      "name": "npm",
      "command": "npm install",
      "cwd": "/Users/acoliver/projects/llxprt-evals/problems/report-builder/.tmp-workspace-2a57cea2-25b3-4532-a7b7-70d0cb29bf87-d8pSeo/workspace",
      "exitCode": 0,
      "stdout": "\nadded 44 packages, and audited 247 packages in 659ms\n\n60 packages are looking for funding\n  run `npm fund` for details\n\n4 moderate severity vulnerabilities\n\nTo address all issues (including breaking changes), run:\n  npm audit fix --force\n\nRun `npm audit` for details.\n",
      "stderr": "",
      "duration": 730,
      "success": true
    },
    {
      "name": "npm",
      "command": "npm run typecheck",
      "cwd": "/Users/acoliver/projects/llxprt-evals/problems/report-builder/.tmp-workspace-2a57cea2-25b3-4532-a7b7-70d0cb29bf87-d8pSeo/workspace",
      "exitCode": 0,
      "stdout": "\n> report-builder-eval@0.0.1 typecheck\n> tsc --noEmit\n\n",
      "stderr": "",
      "duration": 447,
      "success": true
    },
    {
      "name": "npm",
      "command": "npm run lint",
      "cwd": "/Users/acoliver/projects/llxprt-evals/problems/report-builder/.tmp-workspace-2a57cea2-25b3-4532-a7b7-70d0cb29bf87-d8pSeo/workspace",
      "exitCode": 0,
      "stdout": "\n> report-builder-eval@0.0.1 lint\n> eslint . --ext .ts\n\n",
      "stderr": "",
      "duration": 601,
      "success": true
    },
    {
      "name": "npm",
      "command": "npm run test:public",
      "cwd": "/Users/acoliver/projects/llxprt-evals/problems/report-builder/.tmp-workspace-2a57cea2-25b3-4532-a7b7-70d0cb29bf87-d8pSeo/workspace",
      "exitCode": 0,
      "stdout": "\n> report-builder-eval@0.0.1 test:public\n> vitest run --config vitest.config.public.ts\n\n\n RUN  v1.6.1 /Users/acoliver/projects/llxprt-evals/problems/report-builder/.tmp-workspace-2a57cea2-25b3-4532-a7b7-70d0cb29bf87-d8pSeo/workspace\n\n ✓ tests/public/renderReport.spec.ts  (1 test) 1ms\n\n Test Files  1 passed (1)\n      Tests  1 passed (1)\n   Start at  17:06:48\n   Duration  148ms (transform 12ms, setup 0ms, collect 9ms, tests 1ms, environment 0ms, prepare 39ms)\n\n",
      "stderr": "",
      "duration": 1004,
      "success": true
    },
    {
      "name": "npm",
      "command": "npm run build",
      "cwd": "/Users/acoliver/projects/llxprt-evals/problems/report-builder/.tmp-workspace-2a57cea2-25b3-4532-a7b7-70d0cb29bf87-d8pSeo/workspace",
      "exitCode": 0,
      "stdout": "\n> report-builder-eval@0.0.1 build\n> tsc -p tsconfig.json\n\n",
      "stderr": "",
      "duration": 480,
      "success": true
    },
    {
      "name": "npm",
      "command": "npm install",
      "cwd": "/Users/acoliver/projects/llxprt-evals/grading/report-builder",
      "exitCode": 0,
      "stdout": "\nup to date, audited 203 packages in 513ms\n\n60 packages are looking for funding\n  run `npm fund` for details\n\n2 moderate severity vulnerabilities\n\nTo address all issues, run:\n  npm audit fix\n\nRun `npm audit` for details.\n",
      "stderr": "",
      "duration": 578,
      "success": true
    },
    {
      "name": "npm",
      "command": "npm run typecheck",
      "cwd": "/Users/acoliver/projects/llxprt-evals/grading/report-builder",
      "exitCode": 0,
      "stdout": "\n> report-builder-grading@0.0.1 typecheck\n> tsc -p tsconfig.json\n\n",
      "stderr": "",
      "duration": 564,
      "success": true
    },
    {
      "name": "npm",
      "command": "npm run test:hidden",
      "cwd": "/Users/acoliver/projects/llxprt-evals/grading/report-builder",
      "exitCode": 1,
      "stdout": "\n> report-builder-grading@0.0.1 test:hidden\n> vitest run --config vitest.config.hidden.ts\n\n\n RUN  v1.6.1 /Users/acoliver/projects/llxprt-evals/grading/report-builder\n\n ✓ tests/hidden/package.spec.ts  (1 test) 2ms\n ❯ tests/hidden/render.spec.ts  (5 tests | 5 failed) 146ms\n   ❯ tests/hidden/render.spec.ts > report CLI hidden validations > renders markdown with totals\n     → expected 1 to be +0 // Object.is equality\n   ❯ tests/hidden/render.spec.ts > report CLI hidden validations > renders plain text without totals\n     → expected 1 to be +0 // Object.is equality\n   ❯ tests/hidden/render.spec.ts > report CLI hidden validations > includes totals in text format when requested\n     → expected 1 to be +0 // Object.is equality\n   ❯ tests/hidden/render.spec.ts > report CLI hidden validations > fails for unsupported format\n     → expected 'node:internal/modules/cjs/loader:1408…' to match /Unsupported format/\n   ❯ tests/hidden/render.spec.ts > report CLI hidden validations > errors on missing files\n     → expected 'node:internal/modules/cjs/loader:1408…' to match /unable|enoent|not found/\n\n Test Files  1 failed | 1 passed (2)\n      Tests  5 failed | 1 passed (6)\n   Start at  17:06:50\n   Duration  327ms (transform 27ms, setup 0ms, collect 30ms, tests 148ms, environment 0ms, prepare 91ms)\n\n",
      "stderr": "⎯⎯⎯⎯⎯⎯⎯ Failed Tests 5 ⎯⎯⎯⎯⎯⎯⎯\n\n FAIL  tests/hidden/render.spec.ts > report CLI hidden validations > renders markdown with totals\nAssertionError: expected 1 to be +0 // Object.is equality\n\n- Expected\n+ Received\n\n- 0\n+ 1\n\n ❯ tests/hidden/render.spec.ts:63:27\n     61|     ]);\n     62| \n     63|     expect(result.status).toBe(0);\n       |                           ^\n     64|     expect(normalize(result.stdout)).toBe(normalize(expectedMarkdown));\n     65|   });\n\n⎯⎯⎯⎯⎯⎯⎯⎯⎯⎯⎯⎯⎯⎯⎯⎯⎯⎯⎯⎯⎯⎯⎯⎯[1/5]⎯\n\n FAIL  tests/hidden/render.spec.ts > report CLI hidden validations > renders plain text without totals\nAssertionError: expected 1 to be +0 // Object.is equality\n\n- Expected\n+ Received\n\n- 0\n+ 1\n\n ❯ tests/hidden/render.spec.ts:74:27\n     72|     ]);\n     73| \n     74|     expect(result.status).toBe(0);\n       |                           ^\n     75|     const expectedWithoutTotals = expectedText.replace(/\\nTotal:.*\\n?$…\n     76|     expect(normalize(result.stdout)).toBe(normalize(expectedWithoutTot…\n\n⎯⎯⎯⎯⎯⎯⎯⎯⎯⎯⎯⎯⎯⎯⎯⎯⎯⎯⎯⎯⎯⎯⎯⎯[2/5]⎯\n\n FAIL  tests/hidden/render.spec.ts > report CLI hidden validations > includes totals in text format when requested\nAssertionError: expected 1 to be +0 // Object.is equality\n\n- Expected\n+ Received\n\n- 0\n+ 1\n\n ❯ tests/hidden/render.spec.ts:87:27\n     85|     ]);\n     86| \n     87|     expect(result.status).toBe(0);\n       |                           ^\n     88|     expect(normalize(result.stdout)).toBe(normalize(expectedText));\n     89|   });\n\n⎯⎯⎯⎯⎯⎯⎯⎯⎯⎯⎯⎯⎯⎯⎯⎯⎯⎯⎯⎯⎯⎯⎯⎯[3/5]⎯\n\n FAIL  tests/hidden/render.spec.ts > report CLI hidden validations > fails for unsupported format\nAssertionError: expected 'node:internal/modules/cjs/loader:1408…' to match /Unsupported format/\n\n- Expected: \n/Unsupported format/\n\n+ Received: \n\"node:internal/modules/cjs/loader:1408\n  throw err;\n  ^\n\nError: Cannot find module '/Users/acoliver/projects/llxprt-evals/grading/report-builder/workspace/dist/cli/report.js'\n    at Module._resolveFilename (node:internal/modules/cjs/loader:1405:15)\n    at defaultResolveImpl (node:internal/modules/cjs/loader:1061:19)\n    at resolveForCJSWithHooks (node:internal/modules/cjs/loader:1066:22)\n    at Module._load (node:internal/modules/cjs/loader:1215:37)\n    at TracingChannel.traceSync (node:diagnostics_channel:322:14)\n    at wrapModuleLoad (node:internal/modules/cjs/loader:235:24)\n    at Module.executeUserEntryPoint [as runMain] (node:internal/modules/run_main:152:5)\n    at node:internal/main/run_main_module:33:47 {\n  code: 'MODULE_NOT_FOUND',\n  requireStack: []\n}\n\nNode.js v24.1.0\n\"\n\n ❯ tests/hidden/render.spec.ts:99:27\n     97| \n     98|     expect(result.status).not.toBe(0);\n     99|     expect(result.stderr).toMatch(/Unsupported format/);\n       |                           ^\n    100|   });\n    101| \n\n⎯⎯⎯⎯⎯⎯⎯⎯⎯⎯⎯⎯⎯⎯⎯⎯⎯⎯⎯⎯⎯⎯⎯⎯[4/5]⎯\n\n FAIL  tests/hidden/render.spec.ts > report CLI hidden validations > errors on missing files\nAssertionError: expected 'node:internal/modules/cjs/loader:1408…' to match /unable|enoent|not found/\n\n- Expected: \n/unable|enoent|not found/\n\n+ Received: \n\"node:internal/modules/cjs/loader:1408\n  throw err;\n  ^\n\nerror: cannot find module '/users/acoliver/projects/llxprt-evals/grading/report-builder/workspace/dist/cli/report.js'\n    at module._resolvefilename (node:internal/modules/cjs/loader:1405:15)\n    at defaultresolveimpl (node:internal/modules/cjs/loader:1061:19)\n    at resolveforcjswithhooks (node:internal/modules/cjs/loader:1066:22)\n    at module._load (node:internal/modules/cjs/loader:1215:37)\n    at tracingchannel.tracesync (node:diagnostics_channel:322:14)\n    at wrapmoduleload (node:internal/modules/cjs/loader:235:24)\n    at module.executeuserentrypoint [as runmain] (node:internal/modules/run_main:152:5)\n    at node:internal/main/run_main_module:33:47 {\n  code: 'module_not_found',\n  requirestack: []\n}\n\nnode.js v24.1.0\n\"\n\n ❯ tests/hidden/render.spec.ts:106:41\n    104| \n    105|     expect(result.status).not.toBe(0);\n    106|     expect(result.stderr.toLowerCase()).toMatch(/unable|enoent|not fou…\n       |                                         ^\n    107|   });\n    108| });\n\n⎯⎯⎯⎯⎯⎯⎯⎯⎯⎯⎯⎯⎯⎯⎯⎯⎯⎯⎯⎯⎯⎯⎯⎯[5/5]⎯\n\n",
      "duration": 714,
      "success": false
    }
  ],
  "workspaceArchive": "/Users/acoliver/projects/llxprt-evals/outputs/report-builder-2025-10-22T20-04-41-377Z/llxprt-synthetic-glm4.6-temp1/workspace/workspace"
}