{
  "evalName": "form-capture",
  "configId": "llxprt-synthetic-glm4.6-temp1",
  "startedAt": "2025-10-22T19:37:36.198Z",
  "finishedAt": "2025-10-22T19:37:36.198Z",
  "status": "fail",
  "totalDuration": 215853,
  "commands": [
    {
      "name": "llxprt",
      "command": "llxprt --profile-load synthetic --yolo",
      "cwd": "/Users/acoliver/projects/llxprt-evals/problems/form-capture/.tmp-workspace-0b200c7f-a4aa-4019-bfee-4d15699678fc-jYmufN/workspace",
      "exitCode": 0,
      "stdout": "\n\nI'll help you build this friendly contact form web app. Let me start by exploring the project structure and then create a comprehensive todo list to track our progress.\n\n\n\n\n\n\n\n\n\n\n\n\n\n\n\n\n\n\n\n\n\n\n\n\n\n\n\n\n\n\n\n\n\n\n\n\n\n\n\n\n\n\n\n\n\n\n\n\n\n\n\n\n\n\n\n\n\n\n\n\n\n\n\n\n\n\n\n\n\n\n\n\n\n\n\n\n\n\n\n\n\n\n\n\n\n\n\n\n\n\n\n\n\n\n\n\n\n\n\n\n\n\nPerfect! I've successfully implemented the friendly contact form web app with all the requirements:\n\n## [OK] Completed Implementation\n\n**Core Features:**\n- **Express + TypeScript Server**: Fully implemented with strict TypeScript throughout\n- **Form Rendering**: GET `/` renders a responsive, modern-looking international contact form\n- **Server-side Validation**: Comprehensive validation for all fields including international formats\n- **SQLite Integration**: Uses `sql.js` WASM build to store submissions in `data/submissions.sqlite`\n- **Thank-you Page**: GET `/thank-you` displays humorous content about data usage\n- **Graceful Shutdown**: Handles SIGTERM and SIGINT properly\n\n**Validation Features:**\n- [OK] Required field validation\n- [OK] Email validation with regex  \n- [OK] International phone numbers (supports `+`, spaces, parentheses, dashes)\n- [OK] Alphanumeric postal codes (handles UK, Argentine formats, etc.)\n- [OK] Form redisplay with error messages and preserved values\n\n**Technical Implementation:**\n- [OK] TypeScript with strict mode (no `any` types used)\n- [OK] EJS templates with proper label/input associations\n- [OK] External CSS served from `/public/styles.css`\n- [OK] Database auto-initialization with schema loading\n- [OK] 302 redirect after successful submission\n- [OK] Server reads `process.env.PORT` (defaults to 3000)\n\n**Testing Results:**\n- [OK] `npm run typecheck` - No TypeScript errors\n- [OK] `npm run lint` - No ESLint errors (fixed test file exclusion)\n- [OK] `npm run test:public` - All public tests pass (2/2)\n- [OK] `npm run build` - Successful build to `dist/server.js`\n\nThe application is now ready for testing hidden scenarios and handles all international validation requirements as specified. The cheeky copy about \"why did you give your info to a stranger\" is implemented in the thank-you page along with proper form handling and database persistence.\n",
      "stderr": "Tool prompt not found: save_memory\nTool prompt not found: todo_pause\nError executing tool list_directory: Path must be within one of the workspace directories: /Users/acoliver/projects/llxprt-evals/problems/form-capture/.tmp-workspace-0b200c7f-a4aa-4019-bfee-4d15699678fc-jYmufN/workspace\nError executing tool replace: Error: No changes to apply. The old_string and new_string are identical.\n",
      "duration": 199946,
      "success": true
    },
    {
      "name": "npm",
      "command": "npm install",
      "cwd": "/Users/acoliver/projects/llxprt-evals/problems/form-capture/.tmp-workspace-0b200c7f-a4aa-4019-bfee-4d15699678fc-jYmufN/workspace",
      "exitCode": 0,
      "stdout": "\nadded 68 packages, and audited 412 packages in 782ms\n\n96 packages are looking for funding\n  run `npm fund` for details\n\n4 moderate severity vulnerabilities\n\nTo address all issues (including breaking changes), run:\n  npm audit fix --force\n\nRun `npm audit` for details.\n",
      "stderr": "",
      "duration": 855,
      "success": true
    },
    {
      "name": "npm",
      "command": "npm run lint",
      "cwd": "/Users/acoliver/projects/llxprt-evals/problems/form-capture/.tmp-workspace-0b200c7f-a4aa-4019-bfee-4d15699678fc-jYmufN/workspace",
      "exitCode": 0,
      "stdout": "\n> form-capture-eval@0.0.1 lint\n> eslint . --ext .ts\n\n",
      "stderr": "",
      "duration": 1105,
      "success": true
    },
    {
      "name": "npm",
      "command": "npm run test:public",
      "cwd": "/Users/acoliver/projects/llxprt-evals/problems/form-capture/.tmp-workspace-0b200c7f-a4aa-4019-bfee-4d15699678fc-jYmufN/workspace",
      "exitCode": 0,
      "stdout": "\n> form-capture-eval@0.0.1 test:public\n> vitest run --config vitest.config.public.ts\n\n\n RUN  v1.6.1 /Users/acoliver/projects/llxprt-evals/problems/form-capture/.tmp-workspace-0b200c7f-a4aa-4019-bfee-4d15699678fc-jYmufN/workspace\n\n ✓ tests/public/form.spec.ts  (2 tests) 1ms\n\n Test Files  1 passed (1)\n      Tests  2 passed (2)\n   Start at  16:37:22\n   Duration  147ms (transform 13ms, setup 0ms, collect 11ms, tests 1ms, environment 0ms, prepare 45ms)\n\n",
      "stderr": "",
      "duration": 463,
      "success": true
    },
    {
      "name": "npm",
      "command": "npm run typecheck",
      "cwd": "/Users/acoliver/projects/llxprt-evals/problems/form-capture/.tmp-workspace-0b200c7f-a4aa-4019-bfee-4d15699678fc-jYmufN/workspace",
      "exitCode": 0,
      "stdout": "\n> form-capture-eval@0.0.1 typecheck\n> tsc --noEmit\n\n",
      "stderr": "",
      "duration": 498,
      "success": true
    },
    {
      "name": "npm",
      "command": "npm run build",
      "cwd": "/Users/acoliver/projects/llxprt-evals/problems/form-capture/.tmp-workspace-0b200c7f-a4aa-4019-bfee-4d15699678fc-jYmufN/workspace",
      "exitCode": 0,
      "stdout": "\n> form-capture-eval@0.0.1 build\n> tsc -p tsconfig.json\n\n",
      "stderr": "",
      "duration": 515,
      "success": true
    },
    {
      "name": "npm",
      "command": "npm install",
      "cwd": "/Users/acoliver/projects/llxprt-evals/grading/form-capture",
      "exitCode": 0,
      "stdout": "\nup to date, audited 312 packages in 633ms\n\n91 packages are looking for funding\n  run `npm fund` for details\n\n2 moderate severity vulnerabilities\n\nTo address all issues, run:\n  npm audit fix\n\nRun `npm audit` for details.\n",
      "stderr": "",
      "duration": 697,
      "success": true
    },
    {
      "name": "npm",
      "command": "npm run typecheck",
      "cwd": "/Users/acoliver/projects/llxprt-evals/grading/form-capture",
      "exitCode": 2,
      "stdout": "\n> form-capture-grading@0.0.1 typecheck\n> tsc -p tsconfig.json\n\nworkspace/src/server.ts(1,44): error TS2307: Cannot find module 'express' or its corresponding type declarations.\nworkspace/src/server.ts(229,5): error TS18047: 'server' is possibly 'null'.\n",
      "stderr": "",
      "duration": 642,
      "success": false
    },
    {
      "name": "npm",
      "command": "npm run test:hidden",
      "cwd": "/Users/acoliver/projects/llxprt-evals/grading/form-capture",
      "exitCode": 1,
      "stdout": "\n> form-capture-grading@0.0.1 test:hidden\n> vitest run --config vitest.config.hidden.ts\n\n\n RUN  v1.6.1 /Users/acoliver/projects/llxprt-evals/grading/form-capture\n\n ✓ tests/hidden/package.spec.ts  (1 test) 1ms\n ❯ tests/hidden/form.spec.ts  (4 tests)\n ❯ tests/hidden/form.spec.ts  (4 tests) 10509ms\n\n Test Files  1 failed | 1 passed (2)\n      Tests  1 passed (5)\n   Start at  16:37:25\n   Duration  10.75s (transform 29ms, setup 0ms, collect 112ms, tests 10.51s, environment 0ms, prepare 102ms)\n\n",
      "stderr": "node:internal/modules/cjs/loader:1408\n  throw err;\n  ^\n\nError: Cannot find module '/Users/acoliver/projects/llxprt-evals/grading/form-capture/workspace/dist/server.js'\n    at Module._resolveFilename (node:internal/modules/cjs/loader:1405:15)\n    at defaultResolveImpl (node:internal/modules/cjs/loader:1061:19)\n    at resolveForCJSWithHooks (node:internal/modules/cjs/loader:1066:22)\n    at Module._load (node:internal/modules/cjs/loader:1215:37)\n    at TracingChannel.traceSync (node:diagnostics_channel:322:14)\n    at wrapModuleLoad (node:internal/modules/cjs/loader:235:24)\n    at Module.executeUserEntryPoint [as runMain] (node:internal/modules/run_main:152:5)\n    at node:internal/main/run_main_module:33:47 {\n  code: 'MODULE_NOT_FOUND',\n  requireStack: []\n}\n\nNode.js v24.1.0\n⎯⎯⎯⎯⎯⎯ Failed Suites 1 ⎯⎯⎯⎯⎯⎯⎯\n\n FAIL  tests/hidden/form.spec.ts [ tests/hidden/form.spec.ts ]\nError: Hook timed out in 10000ms.\nIf this is a long-running hook, pass a timeout value as the last argument or configure it globally with \"hookTimeout\".\n⎯⎯⎯⎯⎯⎯⎯⎯⎯⎯⎯⎯⎯⎯⎯⎯⎯⎯⎯⎯⎯⎯⎯⎯[1/1]⎯\n\n",
      "duration": 11111,
      "success": false
    }
  ],
  "workspaceArchive": "/Users/acoliver/projects/llxprt-evals/outputs/form-capture-2025-10-22T19-34-00-339Z/llxprt-synthetic-glm4.6-temp1/workspace/workspace"
}